INFO 2020-11-09 18:56:56,239 autoreload 1280 140103707404032 Watching for file changes with StatReloader
INFO 2020-11-09 18:57:10,348 autoreload 1280 140103707404032 /home/moksh/Desktop/cisco/projects/microservices_using_cookiecutter/drf-microservice/micro_api/config/common.py changed, reloading.
INFO 2020-11-09 18:57:11,867 autoreload 1331 139846866732800 Watching for file changes with StatReloader
INFO 2020-11-09 18:57:30,916 autoreload 1371 139644758337280 Watching for file changes with StatReloader
ERROR 2020-11-09 18:57:49,141 log 1371 139644526970624 Internal Server Error: /api/bulk_email_api/
Traceback (most recent call last):
  File "/home/moksh/Desktop/cisco/projects/microservices_using_cookiecutter/venv/lib/python3.6/site-packages/django/core/handlers/exception.py", line 34, in inner
    response = get_response(request)
  File "/home/moksh/Desktop/cisco/projects/microservices_using_cookiecutter/venv/lib/python3.6/site-packages/django/core/handlers/base.py", line 115, in _get_response
    response = self.process_exception_by_middleware(e, request)
  File "/home/moksh/Desktop/cisco/projects/microservices_using_cookiecutter/venv/lib/python3.6/site-packages/django/core/handlers/base.py", line 113, in _get_response
    response = wrapped_callback(request, *callback_args, **callback_kwargs)
  File "/home/moksh/Desktop/cisco/projects/microservices_using_cookiecutter/venv/lib/python3.6/site-packages/django/views/decorators/csrf.py", line 54, in wrapped_view
    return view_func(*args, **kwargs)
  File "/home/moksh/Desktop/cisco/projects/microservices_using_cookiecutter/venv/lib/python3.6/site-packages/django/views/generic/base.py", line 71, in view
    return self.dispatch(request, *args, **kwargs)
  File "/home/moksh/Desktop/cisco/projects/microservices_using_cookiecutter/venv/lib/python3.6/site-packages/rest_framework/views.py", line 495, in dispatch
    response = self.handle_exception(exc)
  File "/home/moksh/Desktop/cisco/projects/microservices_using_cookiecutter/venv/lib/python3.6/site-packages/rest_framework/views.py", line 455, in handle_exception
    self.raise_uncaught_exception(exc)
  File "/home/moksh/Desktop/cisco/projects/microservices_using_cookiecutter/venv/lib/python3.6/site-packages/rest_framework/views.py", line 492, in dispatch
    response = handler(request, *args, **kwargs)
  File "/home/moksh/Desktop/cisco/projects/microservices_using_cookiecutter/drf-microservice/micro_api/bulk_email_api/views.py", line 22, in post
    logger.info('{"Incoming Data": {0}}'.format(request.data))
KeyError: '"Incoming Data"'
ERROR 2020-11-09 18:57:56,277 basehttp 1371 139644526970624 [35;1m"POST /api/bulk_email_api/ HTTP/1.1" 500 19083[0m
INFO 2020-11-09 18:58:15,081 autoreload 1371 139644758337280 /home/moksh/Desktop/cisco/projects/microservices_using_cookiecutter/drf-microservice/micro_api/bulk_email_api/views.py changed, reloading.
INFO 2020-11-09 18:58:41,222 autoreload 1517 140709256746752 Watching for file changes with StatReloader
INFO 2020-11-09 18:58:53,508 views 1517 140709025208064 {'body': 'Django mail body', 'subject': 'Django mail subject', 'from': 'test.email.for.cisco@gmail.com', 'to': ['test.email.for.cisco@gmail.com', 'test.email.for.cisco@gmail.com', 'test.email.for.cisco@gmail.com']}
INFO 2020-11-09 18:58:54,977 basehttp 1517 140709025208064 [m"POST /api/bulk_email_api/ HTTP/1.1" 201 37[0m
INFO 2020-11-09 19:01:28,998 autoreload 1517 140709256746752 /home/moksh/Desktop/cisco/projects/microservices_using_cookiecutter/drf-microservice/micro_api/config/common.py changed, reloading.
INFO 2020-11-09 19:01:44,667 autoreload 2147 140304832669440 Watching for file changes with StatReloader
INFO 2020-11-09 19:07:31,301 autoreload 2147 140304832669440 /home/moksh/Desktop/cisco/projects/microservices_using_cookiecutter/drf-microservice/micro_api/urls.py changed, reloading.
INFO 2020-11-09 19:07:55,673 autoreload 3086 139675610912512 Watching for file changes with StatReloader
INFO 2020-11-09 19:08:22,142 autoreload 3086 139675610912512 /home/moksh/Desktop/cisco/projects/microservices_using_cookiecutter/drf-microservice/micro_api/urls.py changed, reloading.
INFO 2020-11-09 19:08:23,286 autoreload 3204 140509671753472 Watching for file changes with StatReloader
INFO 2020-11-09 19:21:08,700 basehttp 3204 140509440300800 [m"POST /micro_api/user/create_user/ HTTP/1.1" 200 82[0m
INFO 2020-11-09 19:21:47,087 basehttp 3204 140509440300800 [m"POST /micro_api/user/create_user/ HTTP/1.1" 200 173[0m
ERROR 2020-11-09 19:24:37,623 log 3204 140509440300800 Internal Server Error: /api-auth/login
Traceback (most recent call last):
  File "/home/moksh/Desktop/cisco/projects/microservices_using_cookiecutter/venv/lib/python3.6/site-packages/django/core/handlers/exception.py", line 34, in inner
    response = get_response(request)
  File "/home/moksh/Desktop/cisco/projects/microservices_using_cookiecutter/venv/lib/python3.6/site-packages/django/utils/deprecation.py", line 93, in __call__
    response = self.process_request(request)
  File "/home/moksh/Desktop/cisco/projects/microservices_using_cookiecutter/venv/lib/python3.6/site-packages/django/middleware/common.py", line 53, in process_request
    path = self.get_full_path_with_slash(request)
  File "/home/moksh/Desktop/cisco/projects/microservices_using_cookiecutter/venv/lib/python3.6/site-packages/django/middleware/common.py", line 93, in get_full_path_with_slash
    'url': request.get_host() + new_path,
RuntimeError: You called this URL via POST, but the URL doesn't end in a slash and you have APPEND_SLASH set. Django can't redirect to the slash URL while maintaining POST data. Change your form to point to 127.0.0.1:8000/api-auth/login/ (note the trailing slash), or set APPEND_SLASH=False in your Django settings.
ERROR 2020-11-09 19:24:42,915 basehttp 3204 140509440300800 [35;1m"POST /api-auth/login HTTP/1.1" 500 72767[0m
INFO 2020-11-09 19:24:55,540 basehttp 3204 140509440300800 [m"POST /api-auth/login/ HTTP/1.1" 200 50[0m
INFO 2020-11-09 19:24:56,620 basehttp 3204 140509422864128 [m"POST /api-auth/login/ HTTP/1.1" 200 50[0m
INFO 2020-11-09 19:26:00,032 basehttp 3204 140509422864128 [m"POST /api-auth-token/ HTTP/1.1" 200 52[0m
WARNING 2020-11-09 19:27:22,836 basehttp 3204 140509422864128 [31;1m"POST /micro_api/user/list_users/ HTTP/1.1" 405 41[0m
INFO 2020-11-09 19:27:36,825 basehttp 3204 140509422864128 [m"GET /micro_api/user/list_users/ HTTP/1.1" 200 517[0m
INFO 2020-11-09 19:28:16,869 basehttp 3204 140509422864128 [32m"GET /micro_api/user/details/1 HTTP/1.1" 301 0[0m
INFO 2020-11-09 19:28:16,955 basehttp 3204 140509422864128 [m"GET /micro_api/user/details/1/ HTTP/1.1" 200 169[0m
INFO 2020-11-09 19:28:21,875 basehttp 3204 140509422864128 [32m"GET /micro_api/user/details/3 HTTP/1.1" 301 0[0m
INFO 2020-11-09 19:28:21,927 basehttp 3204 140509422864128 [m"GET /micro_api/user/details/3/ HTTP/1.1" 200 173[0m
ERROR 2020-11-09 19:29:31,449 log 3204 140509422864128 Internal Server Error: /micro_api/user/update_user/
Traceback (most recent call last):
  File "/home/moksh/Desktop/cisco/projects/microservices_using_cookiecutter/venv/lib/python3.6/site-packages/django/core/handlers/exception.py", line 34, in inner
    response = get_response(request)
  File "/home/moksh/Desktop/cisco/projects/microservices_using_cookiecutter/venv/lib/python3.6/site-packages/django/core/handlers/base.py", line 115, in _get_response
    response = self.process_exception_by_middleware(e, request)
  File "/home/moksh/Desktop/cisco/projects/microservices_using_cookiecutter/venv/lib/python3.6/site-packages/django/core/handlers/base.py", line 113, in _get_response
    response = wrapped_callback(request, *callback_args, **callback_kwargs)
  File "/home/moksh/Desktop/cisco/projects/microservices_using_cookiecutter/venv/lib/python3.6/site-packages/django/views/decorators/csrf.py", line 54, in wrapped_view
    return view_func(*args, **kwargs)
  File "/home/moksh/Desktop/cisco/projects/microservices_using_cookiecutter/venv/lib/python3.6/site-packages/rest_framework/viewsets.py", line 116, in view
    return self.dispatch(request, *args, **kwargs)
  File "/home/moksh/Desktop/cisco/projects/microservices_using_cookiecutter/venv/lib/python3.6/site-packages/rest_framework/views.py", line 495, in dispatch
    response = self.handle_exception(exc)
  File "/home/moksh/Desktop/cisco/projects/microservices_using_cookiecutter/venv/lib/python3.6/site-packages/rest_framework/views.py", line 455, in handle_exception
    self.raise_uncaught_exception(exc)
  File "/home/moksh/Desktop/cisco/projects/microservices_using_cookiecutter/venv/lib/python3.6/site-packages/rest_framework/views.py", line 492, in dispatch
    response = handler(request, *args, **kwargs)
  File "/home/moksh/Desktop/cisco/projects/microservices_using_cookiecutter/drf-microservice/micro_api/user_registration/views.py", line 60, in update
    data = request.data.dict()
AttributeError: 'dict' object has no attribute 'dict'
ERROR 2020-11-09 19:29:41,148 basehttp 3204 140509422864128 [35;1m"POST /micro_api/user/update_user/ HTTP/1.1" 500 19468[0m
ERROR 2020-11-09 19:29:56,846 log 3204 140509422864128 Internal Server Error: /micro_api/user/update_user/
Traceback (most recent call last):
  File "/home/moksh/Desktop/cisco/projects/microservices_using_cookiecutter/venv/lib/python3.6/site-packages/django/core/handlers/exception.py", line 34, in inner
    response = get_response(request)
  File "/home/moksh/Desktop/cisco/projects/microservices_using_cookiecutter/venv/lib/python3.6/site-packages/django/core/handlers/base.py", line 115, in _get_response
    response = self.process_exception_by_middleware(e, request)
  File "/home/moksh/Desktop/cisco/projects/microservices_using_cookiecutter/venv/lib/python3.6/site-packages/django/core/handlers/base.py", line 113, in _get_response
    response = wrapped_callback(request, *callback_args, **callback_kwargs)
  File "/home/moksh/Desktop/cisco/projects/microservices_using_cookiecutter/venv/lib/python3.6/site-packages/django/views/decorators/csrf.py", line 54, in wrapped_view
    return view_func(*args, **kwargs)
  File "/home/moksh/Desktop/cisco/projects/microservices_using_cookiecutter/venv/lib/python3.6/site-packages/rest_framework/viewsets.py", line 116, in view
    return self.dispatch(request, *args, **kwargs)
  File "/home/moksh/Desktop/cisco/projects/microservices_using_cookiecutter/venv/lib/python3.6/site-packages/rest_framework/views.py", line 495, in dispatch
    response = self.handle_exception(exc)
  File "/home/moksh/Desktop/cisco/projects/microservices_using_cookiecutter/venv/lib/python3.6/site-packages/rest_framework/views.py", line 455, in handle_exception
    self.raise_uncaught_exception(exc)
  File "/home/moksh/Desktop/cisco/projects/microservices_using_cookiecutter/venv/lib/python3.6/site-packages/rest_framework/views.py", line 492, in dispatch
    response = handler(request, *args, **kwargs)
  File "/home/moksh/Desktop/cisco/projects/microservices_using_cookiecutter/drf-microservice/micro_api/user_registration/views.py", line 60, in update
    data = request.data.dict()
AttributeError: 'dict' object has no attribute 'dict'
ERROR 2020-11-09 19:30:01,758 basehttp 3204 140509422864128 [35;1m"POST /micro_api/user/update_user/ HTTP/1.1" 500 19468[0m
INFO 2020-11-09 19:31:38,799 autoreload 3204 140509671753472 /home/moksh/Desktop/cisco/projects/microservices_using_cookiecutter/drf-microservice/micro_api/user_registration/views.py changed, reloading.
INFO 2020-11-09 19:32:04,992 autoreload 6288 140466027960064 Watching for file changes with StatReloader
INFO 2020-11-09 19:32:26,147 basehttp 6288 140465796622080 [m"POST /micro_api/user/update_user/ HTTP/1.1" 200 92[0m
INFO 2020-11-09 19:33:23,077 basehttp 6288 140465796622080 [m"POST /micro_api/user/update_user/ HTTP/1.1" 200 185[0m
ERROR 2020-11-09 19:35:21,276 log 6288 140465796622080 Internal Server Error: /micro_api/user/delete_user/
Traceback (most recent call last):
  File "/home/moksh/Desktop/cisco/projects/microservices_using_cookiecutter/venv/lib/python3.6/site-packages/django/core/handlers/exception.py", line 34, in inner
    response = get_response(request)
  File "/home/moksh/Desktop/cisco/projects/microservices_using_cookiecutter/venv/lib/python3.6/site-packages/django/core/handlers/base.py", line 115, in _get_response
    response = self.process_exception_by_middleware(e, request)
  File "/home/moksh/Desktop/cisco/projects/microservices_using_cookiecutter/venv/lib/python3.6/site-packages/django/core/handlers/base.py", line 113, in _get_response
    response = wrapped_callback(request, *callback_args, **callback_kwargs)
  File "/home/moksh/Desktop/cisco/projects/microservices_using_cookiecutter/venv/lib/python3.6/site-packages/django/views/decorators/csrf.py", line 54, in wrapped_view
    return view_func(*args, **kwargs)
  File "/home/moksh/Desktop/cisco/projects/microservices_using_cookiecutter/venv/lib/python3.6/site-packages/rest_framework/viewsets.py", line 116, in view
    return self.dispatch(request, *args, **kwargs)
  File "/home/moksh/Desktop/cisco/projects/microservices_using_cookiecutter/venv/lib/python3.6/site-packages/rest_framework/views.py", line 495, in dispatch
    response = self.handle_exception(exc)
  File "/home/moksh/Desktop/cisco/projects/microservices_using_cookiecutter/venv/lib/python3.6/site-packages/rest_framework/views.py", line 455, in handle_exception
    self.raise_uncaught_exception(exc)
  File "/home/moksh/Desktop/cisco/projects/microservices_using_cookiecutter/venv/lib/python3.6/site-packages/rest_framework/views.py", line 492, in dispatch
    response = handler(request, *args, **kwargs)
  File "/home/moksh/Desktop/cisco/projects/microservices_using_cookiecutter/drf-microservice/micro_api/user_registration/views.py", line 85, in destroy
    data = request.data.dict()
AttributeError: 'dict' object has no attribute 'dict'
ERROR 2020-11-09 19:35:26,053 basehttp 6288 140465796622080 [35;1m"POST /micro_api/user/delete_user/ HTTP/1.1" 500 19468[0m
INFO 2020-11-09 19:35:56,321 autoreload 6288 140466027960064 /home/moksh/Desktop/cisco/projects/microservices_using_cookiecutter/drf-microservice/micro_api/user_registration/views.py changed, reloading.
INFO 2020-11-09 19:35:58,490 autoreload 6842 140523156444928 Watching for file changes with StatReloader
INFO 2020-11-09 19:36:01,358 autoreload 6842 140523156444928 /home/moksh/Desktop/cisco/projects/microservices_using_cookiecutter/drf-microservice/micro_api/user_registration/views.py changed, reloading.
INFO 2020-11-09 19:36:03,237 autoreload 6859 139877895718656 Watching for file changes with StatReloader
INFO 2020-11-09 19:36:06,222 basehttp 6859 139877665371904 [m"POST /micro_api/user/delete_user/ HTTP/1.1" 204 0[0m
WARNING 2020-11-09 19:37:22,634 basehttp 6859 139877665371904 [31;1m"POST /micro_api/user/list_users/ HTTP/1.1" 405 41[0m
INFO 2020-11-09 19:37:29,540 basehttp 6859 139877665371904 [m"GET /micro_api/user/list_users/ HTTP/1.1" 200 359[0m
WARNING 2020-11-09 19:38:49,430 basehttp 6859 139877665371904 [33m"POST /user/get_token/1 HTTP/1.1" 404 4110[0m
WARNING 2020-11-09 19:38:57,072 basehttp 6859 139877665371904 [33m"POST /user/get_token/3 HTTP/1.1" 404 4110[0m
INFO 2020-11-09 19:39:16,179 basehttp 6859 139877665371904 [32m"GET /micro_api/user/get_token/3 HTTP/1.1" 301 0[0m
INFO 2020-11-09 19:39:16,213 basehttp 6859 139877665371904 [m"GET /micro_api/user/get_token/3/ HTTP/1.1" 200 62[0m
INFO 2020-11-09 19:41:18,076 basehttp 6859 139877665371904 [m"POST /micro_api/user/reset_token/ HTTP/1.1" 200 72[0m
WARNING 2020-11-09 19:43:48,727 basehttp 6859 139877665371904 [31;1m"POST /api-auth/password/change/ HTTP/1.1" 401 27[0m
INFO 2020-11-09 19:45:07,661 basehttp 6859 139877665371904 [m"POST /api-auth-token/ HTTP/1.1" 200 52[0m
WARNING 2020-11-09 19:45:17,617 basehttp 6859 139877665371904 [31;1m"POST /api-auth/password/change/ HTTP/1.1" 400 135[0m
WARNING 2020-11-09 19:45:48,179 basehttp 6859 139877665371904 [31;1m"POST /api-auth/password/change/ HTTP/1.1" 400 66[0m
INFO 2020-11-09 19:46:03,233 basehttp 6859 139877665371904 [m"POST /api-auth/password/change/ HTTP/1.1" 200 41[0m
INFO 2020-11-09 19:47:49,580 basehttp 6859 139877665371904 [m"GET /micro_api/v1/routers/ HTTP/1.1" 200 2[0m
INFO 2020-11-09 19:49:45,821 basehttp 6859 139877665371904 [m"POST /micro_api/v1/routers/ HTTP/1.1" 201 92[0m
INFO 2020-11-09 19:49:55,646 basehttp 6859 139877665371904 [m"GET /micro_api/v1/routers/ HTTP/1.1" 200 94[0m
INFO 2020-11-09 19:50:46,779 basehttp 6859 139877665371904 [32m"GET /micro_api/v1/get_router/1 HTTP/1.1" 301 0[0m
INFO 2020-11-09 19:50:46,830 basehttp 6859 139877665371904 [m"GET /micro_api/v1/get_router/1/ HTTP/1.1" 200 92[0m
INFO 2020-11-09 19:52:30,681 basehttp 6859 139877665371904 [m"POST /micro_api/v1/update_router/ HTTP/1.1" 200 92[0m
INFO 2020-11-09 19:52:42,378 basehttp 6859 139877665371904 [m"GET /micro_api/v1/routers/ HTTP/1.1" 200 94[0m
INFO 2020-11-09 19:54:04,898 basehttp 6859 139877665371904 [m"POST /micro_api/v1/routers/ HTTP/1.1" 201 98[0m
INFO 2020-11-09 19:54:11,517 basehttp 6859 139877665371904 [m"GET /micro_api/v1/routers/ HTTP/1.1" 200 193[0m
INFO 2020-11-09 19:55:14,245 basehttp 6859 139877665371904 [m"POST /micro_api/v1/remove_router/ HTTP/1.1" 204 0[0m
INFO 2020-11-09 19:55:19,396 basehttp 6859 139877665371904 [m"GET /micro_api/v1/routers/ HTTP/1.1" 200 94[0m
INFO 2020-11-09 20:00:30,007 basehttp 6859 139877665371904 [m"POST /micro_api/user/update_role/3 HTTP/1.1" 200 40[0m
INFO 2020-11-09 20:02:45,197 basehttp 6859 139877665371904 [m"POST /micro_api/user/create_user/ HTTP/1.1" 200 185[0m
INFO 2020-11-09 20:03:10,096 basehttp 6859 139877649073920 [m"GET /micro_api/user/verify_email/4 HTTP/1.1" 200 10240[0m
INFO 2020-11-09 20:03:10,390 basehttp 6859 139877649073920 [m"GET /static/rest_framework/js/jquery-3.3.1.min.js HTTP/1.1" 200 86927[0m
INFO 2020-11-09 20:38:08,732 autoreload 15378 139742188885760 Watching for file changes with StatReloader
WARNING 2020-11-09 20:55:28,017 basehttp 15378 139741957580544 [31;1m"POST /api/bulk_email_api/ HTTP/1.1" 401 38[0m
WARNING 2020-11-09 20:56:26,030 basehttp 15378 139741957580544 [31;1m"POST /api/bulk_email_api/ HTTP/1.1" 401 38[0m
INFO 2020-11-09 20:56:45,253 views 15378 139741957580544 {'body': 'Django mail body', 'subject': 'Django mail subject', 'from': 'test.email.for.cisco@gmail.com', 'to': ['test.email.for.cisco@gmail.com', 'test.email.for.cisco@gmail.com', 'test.email.for.cisco@gmail.com']}
INFO 2020-11-09 20:56:46,616 basehttp 15378 139741957580544 [m"POST /api/bulk_email_api/ HTTP/1.1" 201 37[0m
INFO 2020-11-09 20:58:02,885 basehttp 15378 139741947352832 [m"GET /admin/ HTTP/1.1" 200 5187[0m
INFO 2020-11-09 20:58:03,019 basehttp 15378 139741938173696 [36m"GET /static/admin/css/dashboard.css HTTP/1.1" 304 0[0m
INFO 2020-11-09 20:58:03,019 basehttp 15378 139741947352832 [36m"GET /static/admin/css/base.css HTTP/1.1" 304 0[0m
INFO 2020-11-09 20:58:03,020 basehttp 15378 139741727028992 [36m"GET /static/admin/css/responsive.css HTTP/1.1" 304 0[0m
INFO 2020-11-09 20:58:03,034 basehttp 15378 139741727028992 [36m"GET /static/admin/css/fonts.css HTTP/1.1" 304 0[0m
INFO 2020-11-09 20:58:03,110 basehttp 15378 139741727028992 [36m"GET /static/admin/img/icon-addlink.svg HTTP/1.1" 304 0[0m
INFO 2020-11-09 20:58:03,114 basehttp 15378 139741938173696 [36m"GET /static/admin/img/icon-changelink.svg HTTP/1.1" 304 0[0m
INFO 2020-11-09 20:58:03,161 basehttp 15378 139741947352832 [36m"GET /static/admin/fonts/Roboto-Regular-webfont.woff HTTP/1.1" 304 0[0m
INFO 2020-11-09 20:58:03,162 basehttp 15378 139741938173696 [36m"GET /static/admin/fonts/Roboto-Light-webfont.woff HTTP/1.1" 304 0[0m
INFO 2020-11-09 20:58:03,166 basehttp 15378 139741718636288 [36m"GET /static/admin/fonts/Roboto-Bold-webfont.woff HTTP/1.1" 304 0[0m
INFO 2020-11-09 20:58:15,473 basehttp 15378 139741938173696 [m"GET /admin/django_celery_results/taskresult/ HTTP/1.1" 200 11165[0m
INFO 2020-11-09 20:58:15,538 basehttp 15378 139741938173696 [36m"GET /static/admin/css/changelists.css HTTP/1.1" 304 0[0m
INFO 2020-11-09 20:58:15,703 basehttp 15378 139741701850880 [36m"GET /static/admin/js/actions.js HTTP/1.1" 304 0[0m
INFO 2020-11-09 20:58:15,707 basehttp 15378 139741947352832 [36m"GET /static/admin/js/jquery.init.js HTTP/1.1" 304 0[0m
INFO 2020-11-09 20:58:15,710 basehttp 15378 139741727028992 [36m"GET /static/admin/js/core.js HTTP/1.1" 304 0[0m
INFO 2020-11-09 20:58:15,726 basehttp 15378 139741947352832 [36m"GET /static/admin/js/prepopulate.js HTTP/1.1" 304 0[0m
INFO 2020-11-09 20:58:15,730 basehttp 15378 139741710243584 [36m"GET /static/admin/js/admin/RelatedObjectLookups.js HTTP/1.1" 304 0[0m
INFO 2020-11-09 20:58:15,735 basehttp 15378 139741701850880 [36m"GET /static/admin/js/urlify.js HTTP/1.1" 304 0[0m
INFO 2020-11-09 20:58:15,739 basehttp 15378 139741718636288 [36m"GET /static/admin/js/vendor/jquery/jquery.js HTTP/1.1" 304 0[0m
INFO 2020-11-09 20:58:15,741 basehttp 15378 139741727028992 [36m"GET /static/admin/js/vendor/xregexp/xregexp.js HTTP/1.1" 304 0[0m
INFO 2020-11-09 20:58:15,764 basehttp 15378 139741938173696 [m"GET /admin/jsi18n/ HTTP/1.1" 200 3223[0m
INFO 2020-11-09 20:58:15,800 basehttp 15378 139741727028992 [36m"GET /static/admin/img/search.svg HTTP/1.1" 304 0[0m
INFO 2020-11-09 20:58:15,869 basehttp 15378 139741727028992 [36m"GET /static/admin/img/tooltag-add.svg HTTP/1.1" 304 0[0m
INFO 2020-11-09 20:58:15,878 basehttp 15378 139741938173696 [36m"GET /static/admin/img/sorting-icons.svg HTTP/1.1" 304 0[0m
INFO 2020-11-09 20:58:23,244 basehttp 15378 139741727028992 [m"GET /admin/django_celery_results/taskresult/7/change/ HTTP/1.1" 200 11274[0m
INFO 2020-11-09 20:58:23,284 basehttp 15378 139741727028992 [36m"GET /static/admin/css/forms.css HTTP/1.1" 304 0[0m
INFO 2020-11-09 20:58:23,294 basehttp 15378 139741947352832 [36m"GET /static/admin/js/prepopulate_init.js HTTP/1.1" 304 0[0m
INFO 2020-11-09 20:58:23,297 basehttp 15378 139741701850880 [36m"GET /static/admin/js/change_form.js HTTP/1.1" 304 0[0m
INFO 2020-11-09 20:58:23,300 basehttp 15378 139741938173696 [m"GET /admin/jsi18n/ HTTP/1.1" 200 3223[0m
INFO 2020-11-09 20:58:23,339 basehttp 15378 139741727028992 [36m"GET /static/admin/css/widgets.css HTTP/1.1" 304 0[0m
INFO 2020-11-10 11:38:24,117 autoreload 23543 140644976572160 Watching for file changes with StatReloader
WARNING 2020-11-10 11:39:09,956 basehttp 23543 140644743902976 [33m"GET /micro_api/user/userlist HTTP/1.1" 404 5821[0m
WARNING 2020-11-10 11:39:10,707 basehttp 23543 140644743902976 [33m"GET /favicon.ico HTTP/1.1" 404 4094[0m
WARNING 2020-11-10 11:39:27,710 basehttp 23543 140644743902976 [33m"GET /micro_api/v1/ HTTP/1.1" 404 4775[0m
INFO 2020-11-10 11:47:17,225 autoreload 23543 140644976572160 /home/moksh/Desktop/cisco/projects/microservices_using_cookiecutter/drf-microservice/micro_api/user_registration/serializers.py changed, reloading.
INFO 2020-11-10 11:47:43,570 autoreload 25172 139908459419392 Watching for file changes with StatReloader
INFO 2020-11-10 11:53:28,546 autoreload 25952 140525135660800 Watching for file changes with StatReloader
INFO 2020-11-10 11:54:25,928 autoreload 26170 140605781083904 Watching for file changes with StatReloader
INFO 2020-11-10 12:00:40,579 basehttp 26170 140605549631232 [m"POST /micro_api/user/create_user/ HTTP/1.1" 200 184[0m
INFO 2020-11-10 12:02:02,203 basehttp 26170 140605534906112 [m"GET /micro_api/user/verify_email/1 HTTP/1.1" 200 10240[0m
INFO 2020-11-10 12:02:02,509 basehttp 26170 140605500811008 [m"GET /static/rest_framework/js/jquery-3.3.1.min.js HTTP/1.1" 200 86927[0m
INFO 2020-11-10 12:02:02,523 basehttp 26170 140605500811008 [m"GET /static/rest_framework/js/csrf.js HTTP/1.1" 200 1719[0m
INFO 2020-11-10 12:02:02,536 basehttp 26170 140605525989120 [m"GET /static/rest_framework/css/bootstrap-tweaks.css HTTP/1.1" 200 3385[0m
INFO 2020-11-10 12:02:02,537 basehttp 26170 140605509203712 [m"GET /static/rest_framework/css/default.css HTTP/1.1" 200 1131[0m
INFO 2020-11-10 12:02:02,548 basehttp 26170 140605517596416 [m"GET /static/rest_framework/css/prettify.css HTTP/1.1" 200 817[0m
INFO 2020-11-10 12:02:02,556 basehttp 26170 140605525989120 [m"GET /static/rest_framework/js/bootstrap.min.js HTTP/1.1" 200 37608[0m
INFO 2020-11-10 12:02:02,563 basehttp 26170 140605517596416 [m"GET /static/rest_framework/js/default.js HTTP/1.1" 200 1268[0m
INFO 2020-11-10 12:02:02,568 basehttp 26170 140605509203712 [m"GET /static/rest_framework/js/prettify-min.js HTTP/1.1" 200 13632[0m
INFO 2020-11-10 12:02:02,583 basehttp 26170 140605149673216 [m"GET /static/rest_framework/js/ajax-form.js HTTP/1.1" 200 3597[0m
INFO 2020-11-10 12:02:02,647 basehttp 26170 140605534906112 [m"GET /static/rest_framework/css/bootstrap.min.css HTTP/1.1" 200 121457[0m
INFO 2020-11-10 12:02:02,858 basehttp 26170 140605534906112 [m"GET /static/rest_framework/img/grid.png HTTP/1.1" 200 1458[0m
INFO 2020-11-10 12:03:29,180 basehttp 26170 140605549631232 [m"POST /api-auth/login/ HTTP/1.1" 200 50[0m
INFO 2020-11-10 12:04:16,508 basehttp 26170 140605549631232 [m"POST /api-auth-token/ HTTP/1.1" 200 52[0m
INFO 2020-11-10 12:05:21,392 basehttp 26170 140605549631232 [m"GET /micro_api/user/list_users/ HTTP/1.1" 200 186[0m
INFO 2020-11-10 12:06:13,372 basehttp 26170 140605549631232 [m"GET /micro_api/user/details/1/ HTTP/1.1" 200 184[0m
INFO 2020-11-10 12:07:38,713 basehttp 26170 140605549631232 [m"POST /micro_api/user/create_user/ HTTP/1.1" 200 181[0m
INFO 2020-11-10 12:08:14,549 basehttp 26170 140605549631232 [m"GET /micro_api/user/list_users/ HTTP/1.1" 200 368[0m
INFO 2020-11-10 12:08:40,836 basehttp 26170 140605549631232 [m"GET /micro_api/user/details/1/ HTTP/1.1" 200 184[0m
INFO 2020-11-10 12:08:48,084 basehttp 26170 140605549631232 [m"GET /micro_api/user/details/2/ HTTP/1.1" 200 181[0m
INFO 2020-11-10 12:10:25,821 basehttp 26170 140605549631232 [m"POST /micro_api/user/update_user/ HTTP/1.1" 200 193[0m
INFO 2020-11-10 12:11:10,965 basehttp 26170 140605549631232 [m"GET /micro_api/user/details/1/ HTTP/1.1" 200 193[0m
INFO 2020-11-10 12:12:11,590 basehttp 26170 140605549631232 [m"POST /micro_api/user/delete_user/ HTTP/1.1" 204 0[0m
WARNING 2020-11-10 12:12:34,985 basehttp 26170 140605549631232 [31;1m"GET /micro_api/user/list_users/ HTTP/1.1" 401 38[0m
INFO 2020-11-10 12:13:23,619 basehttp 26170 140605549631232 [m"POST /api-auth/login/ HTTP/1.1" 200 50[0m
INFO 2020-11-10 12:13:52,546 basehttp 26170 140605549631232 [m"GET /micro_api/user/list_users/ HTTP/1.1" 200 183[0m
INFO 2020-11-10 12:14:29,387 basehttp 26170 140605549631232 [m"GET /micro_api/user/get_token/2/ HTTP/1.1" 200 62[0m
INFO 2020-11-10 12:15:56,327 basehttp 26170 140605549631232 [m"POST /micro_api/user/reset_token/ HTTP/1.1" 200 72[0m
ERROR 2020-11-10 12:17:57,123 log 26170 140605549631232 Internal Server Error: /micro_api/user/update_role/2
Traceback (most recent call last):
  File "/home/moksh/Desktop/cisco/projects/microservices_using_cookiecutter/venv/lib/python3.6/site-packages/django/core/handlers/exception.py", line 34, in inner
    response = get_response(request)
  File "/home/moksh/Desktop/cisco/projects/microservices_using_cookiecutter/venv/lib/python3.6/site-packages/django/core/handlers/base.py", line 115, in _get_response
    response = self.process_exception_by_middleware(e, request)
  File "/home/moksh/Desktop/cisco/projects/microservices_using_cookiecutter/venv/lib/python3.6/site-packages/django/core/handlers/base.py", line 113, in _get_response
    response = wrapped_callback(request, *callback_args, **callback_kwargs)
  File "/home/moksh/Desktop/cisco/projects/microservices_using_cookiecutter/venv/lib/python3.6/site-packages/django/views/decorators/csrf.py", line 54, in wrapped_view
    return view_func(*args, **kwargs)
  File "/home/moksh/Desktop/cisco/projects/microservices_using_cookiecutter/venv/lib/python3.6/site-packages/rest_framework/viewsets.py", line 116, in view
    return self.dispatch(request, *args, **kwargs)
  File "/home/moksh/Desktop/cisco/projects/microservices_using_cookiecutter/venv/lib/python3.6/site-packages/rest_framework/views.py", line 495, in dispatch
    response = self.handle_exception(exc)
  File "/home/moksh/Desktop/cisco/projects/microservices_using_cookiecutter/venv/lib/python3.6/site-packages/rest_framework/views.py", line 455, in handle_exception
    self.raise_uncaught_exception(exc)
  File "/home/moksh/Desktop/cisco/projects/microservices_using_cookiecutter/venv/lib/python3.6/site-packages/rest_framework/views.py", line 492, in dispatch
    response = handler(request, *args, **kwargs)
  File "/home/moksh/Desktop/cisco/projects/microservices_using_cookiecutter/drf-microservice/micro_api/user_registration/views.py", line 96, in update_role
    if data['superuser'] == '1':
KeyError: 'superuser'
ERROR 2020-11-10 12:18:04,848 basehttp 26170 140605549631232 [35;1m"POST /micro_api/user/update_role/2 HTTP/1.1" 500 19380[0m
INFO 2020-11-10 12:18:27,618 basehttp 26170 140605549631232 [m"POST /micro_api/user/update_role/2 HTTP/1.1" 200 40[0m
INFO 2020-11-10 12:19:34,284 basehttp 26170 140605549631232 [m"GET /micro_api/v1/routers/ HTTP/1.1" 200 2[0m
INFO 2020-11-10 12:20:54,003 basehttp 26170 140605549631232 [m"POST /micro_api/v1/routers/ HTTP/1.1" 201 113[0m
INFO 2020-11-10 12:22:00,355 basehttp 26170 140605549631232 [m"GET /micro_api/v1/get_router/1/ HTTP/1.1" 200 113[0m
INFO 2020-11-10 12:22:58,734 basehttp 26170 140605549631232 [m"POST /micro_api/v1/update_router/ HTTP/1.1" 200 112[0m
INFO 2020-11-10 12:24:05,384 basehttp 26170 140605549631232 [m"POST /micro_api/v1/remove_router/ HTTP/1.1" 204 0[0m
INFO 2020-11-10 12:25:00,746 basehttp 26170 140605549631232 [m"GET /micro_api/v1/routers/ HTTP/1.1" 200 2[0m
WARNING 2020-11-10 12:28:42,377 basehttp 26170 140605549631232 [31;1m"POST /api/bulk_email_api/ HTTP/1.1" 401 27[0m
INFO 2020-11-10 12:30:03,990 views 26170 140605549631232 {'body': 'Django mail body', 'subject': 'Django mail subject', 'from': 'test.email.for.cisco@gmail.com', 'to': ['test.email.for.cisco@gmail.com', 'test.email.for.cisco@gmail.com', 'test.email.for.cisco@gmail.com']}
INFO 2020-11-10 12:30:05,216 basehttp 26170 140605549631232 [m"POST /api/bulk_email_api/ HTTP/1.1" 201 37[0m
INFO 2020-11-10 12:31:36,247 basehttp 26170 140605149673216 [32m"GET /admin HTTP/1.1" 301 0[0m
INFO 2020-11-10 12:31:36,421 basehttp 26170 140605149673216 [32m"GET /admin/ HTTP/1.1" 302 0[0m
INFO 2020-11-10 12:31:37,078 basehttp 26170 140605149673216 [m"GET /admin/login/?next=/admin/ HTTP/1.1" 200 1823[0m
INFO 2020-11-10 12:31:37,381 basehttp 26170 140605525989120 [m"GET /static/admin/css/responsive.css HTTP/1.1" 200 17944[0m
INFO 2020-11-10 12:31:37,383 basehttp 26170 140605509203712 [m"GET /static/admin/css/login.css HTTP/1.1" 200 1233[0m
INFO 2020-11-10 12:31:37,444 basehttp 26170 140605149673216 [m"GET /static/admin/css/base.css HTTP/1.1" 200 16378[0m
INFO 2020-11-10 12:31:37,885 basehttp 26170 140605149673216 [m"GET /static/admin/css/fonts.css HTTP/1.1" 200 423[0m
INFO 2020-11-10 12:31:38,096 basehttp 26170 140605149673216 [m"GET /static/admin/fonts/Roboto-Regular-webfont.woff HTTP/1.1" 200 85876[0m
INFO 2020-11-10 12:31:38,111 basehttp 26170 140605509203712 [m"GET /static/admin/fonts/Roboto-Light-webfont.woff HTTP/1.1" 200 85692[0m
INFO 2020-11-10 12:31:46,121 basehttp 26170 140605149673216 [m"POST /admin/login/?next=/admin/ HTTP/1.1" 200 1985[0m
INFO 2020-11-10 12:31:46,428 basehttp 26170 140605149673216 [m"GET /static/admin/fonts/Roboto-Bold-webfont.woff HTTP/1.1" 200 86184[0m
INFO 2020-11-10 12:31:54,716 basehttp 26170 140605149673216 [32m"POST /admin/login/?next=/admin/ HTTP/1.1" 302 0[0m
INFO 2020-11-10 12:31:54,818 basehttp 26170 140605149673216 [m"GET /admin/ HTTP/1.1" 200 5188[0m
INFO 2020-11-10 12:31:55,119 basehttp 26170 140605149673216 [m"GET /static/admin/css/dashboard.css HTTP/1.1" 200 412[0m
INFO 2020-11-10 12:31:55,143 basehttp 26170 140605509203712 [m"GET /static/admin/img/icon-addlink.svg HTTP/1.1" 200 331[0m
INFO 2020-11-10 12:31:55,160 basehttp 26170 140605525989120 [m"GET /static/admin/img/icon-changelink.svg HTTP/1.1" 200 380[0m
INFO 2020-11-10 12:32:02,236 basehttp 26170 140605525989120 [m"GET /admin/django_celery_results/taskresult/ HTTP/1.1" 200 8229[0m
INFO 2020-11-10 12:32:02,310 basehttp 26170 140605149673216 [m"GET /static/admin/js/vendor/jquery/jquery.js HTTP/1.1" 200 271817[0m
INFO 2020-11-10 12:32:02,319 basehttp 26170 140605525989120 [m"GET /static/admin/css/changelists.css HTTP/1.1" 200 6170[0m
INFO 2020-11-10 12:32:02,537 basehttp 26170 140605525989120 [m"GET /static/admin/js/actions.js HTTP/1.1" 200 6766[0m
INFO 2020-11-10 12:32:02,541 basehttp 26170 140605149673216 [m"GET /static/admin/js/urlify.js HTTP/1.1" 200 8941[0m
INFO 2020-11-10 12:32:02,582 basehttp 26170 140605509203712 [m"GET /admin/jsi18n/ HTTP/1.1" 200 3223[0m
INFO 2020-11-10 12:32:02,622 basehttp 26170 140605525989120 [m"GET /static/admin/js/prepopulate.js HTTP/1.1" 200 1530[0m
INFO 2020-11-10 12:32:02,637 basehttp 26170 140605517596416 [m"GET /static/admin/js/jquery.init.js HTTP/1.1" 200 363[0m
INFO 2020-11-10 12:32:02,637 basehttp 26170 140605500811008 [m"GET /static/admin/js/core.js HTTP/1.1" 200 7099[0m
INFO 2020-11-10 12:32:02,648 basehttp 26170 140605141280512 [m"GET /static/admin/js/admin/RelatedObjectLookups.js HTTP/1.1" 200 6918[0m
INFO 2020-11-10 12:32:02,701 basehttp 26170 140605525989120 [m"GET /static/admin/img/search.svg HTTP/1.1" 200 458[0m
INFO 2020-11-10 12:32:02,725 basehttp 26170 140605509203712 [m"GET /static/admin/js/vendor/xregexp/xregexp.js HTTP/1.1" 200 128820[0m
INFO 2020-11-10 12:32:02,873 basehttp 26170 140605509203712 [m"GET /static/admin/img/tooltag-add.svg HTTP/1.1" 200 331[0m
INFO 2020-11-10 12:32:02,908 basehttp 26170 140605509203712 [m"GET /static/admin/img/sorting-icons.svg HTTP/1.1" 200 1097[0m
INFO 2020-11-10 12:32:07,358 basehttp 26170 140605509203712 [m"GET /admin/django_celery_results/taskresult/1/change/ HTTP/1.1" 200 11279[0m
INFO 2020-11-10 12:32:07,419 basehttp 26170 140605509203712 [m"GET /static/admin/css/forms.css HTTP/1.1" 200 8518[0m
INFO 2020-11-10 12:32:07,427 basehttp 26170 140605525989120 [m"GET /admin/jsi18n/ HTTP/1.1" 200 3223[0m
INFO 2020-11-10 12:32:07,453 basehttp 26170 140605500811008 [m"GET /static/admin/js/prepopulate_init.js HTTP/1.1" 200 495[0m
INFO 2020-11-10 12:32:07,462 basehttp 26170 140605141280512 [m"GET /static/admin/js/change_form.js HTTP/1.1" 200 712[0m
INFO 2020-11-10 12:32:07,482 basehttp 26170 140605525989120 [m"GET /static/admin/css/widgets.css HTTP/1.1" 200 10340[0m
